<?xml version="1.0" encoding="UTF-8"?>
<testng-results skipped="0" failed="0" ignored="0" total="1" passed="1">
  <reporter-output>
  </reporter-output>
  <suite name="Default suite" duration-ms="16512" started-at="2020-10-06T00:36:34 IST" finished-at="2020-10-06T00:36:51 IST">
    <groups>
    </groups>
    <test name="Default test" duration-ms="16512" started-at="2020-10-06T00:36:34 IST" finished-at="2020-10-06T00:36:51 IST">
      <class name="com.qa.testcases.TC_005">
        <test-method status="PASS" signature="setup()[pri:0, instance:com.qa.testcases.TC_005@48503868]" name="setup" is-config="true" duration-ms="11417" started-at="2020-10-06T00:36:23 IST" finished-at="2020-10-06T00:36:34 IST">
          <reporter-output>
          </reporter-output>
        </test-method> <!-- setup -->
        <test-method status="PASS" signature="beforeClass()[pri:0, instance:com.qa.testcases.TC_005@48503868]" name="beforeClass" is-config="true" duration-ms="0" started-at="2020-10-06T00:36:34 IST" finished-at="2020-10-06T00:36:34 IST">
          <reporter-output>
          </reporter-output>
        </test-method> <!-- beforeClass -->
        <test-method status="PASS" signature="chooseCheapestFlight()[pri:0, instance:com.qa.testcases.TC_005@48503868]" name="chooseCheapestFlight" duration-ms="16440" started-at="2020-10-06T00:36:34 IST" finished-at="2020-10-06T00:36:51 IST">
          <reporter-output>
          </reporter-output>
        </test-method> <!-- chooseCheapestFlight -->
        <test-method status="PASS" signature="tearDown()[pri:0, instance:com.qa.testcases.TC_005@48503868]" name="tearDown" is-config="true" duration-ms="842" started-at="2020-10-06T00:36:51 IST" finished-at="2020-10-06T00:36:52 IST">
          <reporter-output>
          </reporter-output>
        </test-method> <!-- tearDown -->
      </class> <!-- com.qa.testcases.TC_005 -->
    </test> <!-- Default test -->
  </suite> <!-- Default suite -->
</testng-results>
