<?xml version="1.0" encoding="UTF-8"?>
<testng-results skipped="0" failed="0" ignored="0" total="1" passed="1">
  <reporter-output>
  </reporter-output>
  <suite name="Default suite" duration-ms="103052" started-at="2020-09-23T12:14:32Z" finished-at="2020-09-23T12:16:15Z">
    <groups>
    </groups>
    <test name="Default test" duration-ms="103052" started-at="2020-09-23T12:14:32Z" finished-at="2020-09-23T12:16:15Z">
      <class name="com.qa.testcases.TC_003">
        <test-method status="PASS" signature="setup()[pri:0, instance:com.qa.testcases.TC_003@27efef64]" name="setup" is-config="true" duration-ms="5551" started-at="2020-09-23T12:14:26Z" finished-at="2020-09-23T12:14:32Z">
          <reporter-output>
          </reporter-output>
        </test-method> <!-- setup -->
        <test-method status="PASS" signature="beforeClass()[pri:0, instance:com.qa.testcases.TC_003@27efef64]" name="beforeClass" is-config="true" duration-ms="0" started-at="2020-09-23T12:14:32Z" finished-at="2020-09-23T12:14:32Z">
          <reporter-output>
          </reporter-output>
        </test-method> <!-- beforeClass -->
        <test-method status="PASS" signature="EnterFlightDetailsAndClickBtn()[pri:0, instance:com.qa.testcases.TC_003@27efef64]" name="EnterFlightDetailsAndClickBtn" duration-ms="103025" started-at="2020-09-23T12:14:32Z" finished-at="2020-09-23T12:16:15Z">
          <reporter-output>
          </reporter-output>
        </test-method> <!-- EnterFlightDetailsAndClickBtn -->
        <test-method status="PASS" signature="tearDown()[pri:0, instance:com.qa.testcases.TC_003@27efef64]" name="tearDown" is-config="true" duration-ms="644" started-at="2020-09-23T12:16:15Z" finished-at="2020-09-23T12:16:15Z">
          <reporter-output>
          </reporter-output>
        </test-method> <!-- tearDown -->
      </class> <!-- com.qa.testcases.TC_003 -->
    </test> <!-- Default test -->
  </suite> <!-- Default suite -->
</testng-results>
